Building DAG of jobs...
Using shell: /usr/bin/bash
Provided cores: 20
Rules claiming more threads will be scaled down.
Job stats:
job         count    min threads    max threads
--------  -------  -------------  -------------
all             1              1              1
collapse        1              1              1
pbmm2           1              1              1
total           3              1              1

Select jobs to execute...

[Sat Sep 24 23:59:29 2022]
rule pbmm2:
    input: M_javanica/unpolished.bam, /home/531734/mike/javanica/javanica_assemblies/M_javanica_062022.final.samba.scaffolds.sorted.renamed.fasta
    output: M_javanica/mapped.bam
    jobid: 2
    reason: Missing output files: M_javanica/mapped.bam
    resources: tmpdir=/tmp

[Sun Sep 25 00:00:25 2022]
Finished job 2.
1 of 3 steps (33%) done
Select jobs to execute...

[Sun Sep 25 00:00:25 2022]
rule collapse:
    input: M_javanica/mapped.bam
    output: M_javanica/collapsed.gff
    jobid: 1
    reason: Missing output files: M_javanica/collapsed.gff; Input files updated by another job: M_javanica/mapped.bam
    resources: tmpdir=/tmp

[Sun Sep 25 00:00:32 2022]
Finished job 1.
2 of 3 steps (67%) done
Select jobs to execute...

[Sun Sep 25 00:00:33 2022]
localrule all:
    input: M_javanica/collapsed.gff
    jobid: 0
    reason: Input files updated by another job: M_javanica/collapsed.gff
    resources: tmpdir=/tmp

[Sun Sep 25 00:00:33 2022]
Finished job 0.
3 of 3 steps (100%) done
Complete log: .snakemake/log/2022-09-24T235923.145180.snakemake.log
