Building DAG of jobs...
Using shell: /usr/bin/bash
Provided cores: 20
Rules claiming more threads will be scaled down.
Job stats:
job         count    min threads    max threads
--------  -------  -------------  -------------
all             1              1              1
cluster         1              1              1
collapse        1              1              1
pbmm2           1              1              1
total           4              1              1

Select jobs to execute...

[Mon Sep 26 10:58:32 2022]
rule cluster:
    input: /home/531734/mike/javanica/data/IsoSeq_2021/flnc.bam
    output: M_javanica/unpolished.bam
    jobid: 3
    reason: Forced execution
    resources: tmpdir=/tmp

[Mon Sep 26 13:57:43 2022]
Finished job 3.
1 of 4 steps (25%) done
Select jobs to execute...

[Mon Sep 26 13:57:43 2022]
rule pbmm2:
    input: M_javanica/unpolished.bam, /home/531734/mike/javanica/javanica_assemblies/M_javanica_062022.final.samba.scaffolds.sorted.renamed.fasta
    output: M_javanica/mapped.bam
    jobid: 2
    reason: Input files updated by another job: M_javanica/unpolished.bam
    resources: tmpdir=/tmp

[Mon Sep 26 13:58:40 2022]
Finished job 2.
2 of 4 steps (50%) done
Select jobs to execute...

[Mon Sep 26 13:58:40 2022]
rule collapse:
    input: M_javanica/mapped.bam
    output: M_javanica/collapsed.gff
    jobid: 1
    reason: Input files updated by another job: M_javanica/mapped.bam
    resources: tmpdir=/tmp

[Mon Sep 26 13:58:48 2022]
Finished job 1.
3 of 4 steps (75%) done
Select jobs to execute...

[Mon Sep 26 13:58:48 2022]
localrule all:
    input: M_javanica/collapsed.gff
    jobid: 0
    reason: Input files updated by another job: M_javanica/collapsed.gff
    resources: tmpdir=/tmp

[Mon Sep 26 13:58:48 2022]
Finished job 0.
4 of 4 steps (100%) done
Complete log: .snakemake/log/2022-09-26T105831.221399.snakemake.log
