Building DAG of jobs...
Using shell: /usr/bin/bash
Provided cores: 10
Rules claiming more threads will be scaled down.
Job stats:
job         count    min threads    max threads
--------  -------  -------------  -------------
all             1              1              1
cluster         1              1              1
collapse        1              1              1
pbmm2           1              1              1
total           4              1              1

Select jobs to execute...

[Wed Sep 28 11:18:01 2022]
rule cluster:
    input: /home/531734/mike/javanica/data/IsoSeq_2021/flnc.bam
    output: M_javanica/unpolished.bam
    jobid: 3
    reason: Missing output files: M_javanica/unpolished.bam
    resources: tmpdir=/tmp

[Wed Sep 28 13:54:28 2022]
Finished job 3.
1 of 4 steps (25%) done
Select jobs to execute...

[Wed Sep 28 13:54:28 2022]
rule pbmm2:
    input: M_javanica/unpolished.bam, /home/531734/mike/62_isoseq_processing/FINAL_ASSEMBLY.linear.fasta
    output: M_javanica/mapped.bam
    jobid: 2
    reason: Missing output files: M_javanica/mapped.bam; Input files updated by another job: M_javanica/unpolished.bam; Set of input files has changed since last execution
    resources: tmpdir=/tmp

[Wed Sep 28 13:55:23 2022]
Finished job 2.
2 of 4 steps (50%) done
Select jobs to execute...

[Wed Sep 28 13:55:23 2022]
rule collapse:
    input: M_javanica/mapped.bam
    output: M_javanica/collapsed.gff
    jobid: 1
    reason: Missing output files: M_javanica/collapsed.gff; Input files updated by another job: M_javanica/mapped.bam
    resources: tmpdir=/tmp

[Wed Sep 28 13:55:31 2022]
Finished job 1.
3 of 4 steps (75%) done
Select jobs to execute...

[Wed Sep 28 13:55:31 2022]
localrule all:
    input: M_javanica/collapsed.gff
    jobid: 0
    reason: Input files updated by another job: M_javanica/collapsed.gff
    resources: tmpdir=/tmp

[Wed Sep 28 13:55:31 2022]
Finished job 0.
4 of 4 steps (100%) done
Complete log: .snakemake/log/2022-09-28T111800.588618.snakemake.log
