Building DAG of jobs...
Using shell: /usr/bin/bash
Provided cores: 20
Rules claiming more threads will be scaled down.
Job stats:
job         count    min threads    max threads
--------  -------  -------------  -------------
all             1              1              1
cluster         1              1              1
collapse        1              1              1
pbmm2           1              1              1
total           4              1              1

Select jobs to execute...

[Sat Sep 24 16:22:54 2022]
rule cluster:
    input: /home/531734/mike/javanica/data/IsoSeq_2021/flnc.bam
    output: M_javanica/unpolished.bam
    jobid: 3
    reason: Missing output files: M_javanica/unpolished.bam
    resources: tmpdir=/tmp

[Sat Sep 24 18:54:24 2022]
Finished job 3.
1 of 4 steps (25%) done
Select jobs to execute...

[Sat Sep 24 18:54:24 2022]
rule pbmm2:
    input: M_javanica/unpolished.bam, M_javanica/unpolished.bam
    output: M_javanica/mapped.bam
    jobid: 2
    reason: Missing output files: M_javanica/mapped.bam; Input files updated by another job: M_javanica/unpolished.bam
    resources: tmpdir=/tmp

[Sat Sep 24 18:54:24 2022]
Error in rule pbmm2:
    jobid: 2
    output: M_javanica/mapped.bam
    shell:
        pbmm2 align --preset ISOSEQ --sort M_javanica/unpolished.bam M_javanica/unpolished.bam M_javanica/mapped.bam
        (one of the commands exited with non-zero exit code; note that snakemake uses bash strict mode!)

Shutting down, this might take some time.
Exiting because a job execution failed. Look above for error message
Complete log: .snakemake/log/2022-09-24T162247.820906.snakemake.log
