Building DAG of jobs...
Using shell: /usr/bin/bash
Provided cores: 20
Rules claiming more threads will be scaled down.
Job stats:
job         count    min threads    max threads
--------  -------  -------------  -------------
all             1              1              1
cluster         1              1              1
collapse        1              1              1
pbmm2           1              1              1
total           4              1              1

Select jobs to execute...

[Sun Sep 25 00:02:27 2022]
rule cluster:
    input: /home/531734/mike/javanica/data/IsoSeq_2021/flnc.bam
    output: M_javanica/unpolished.bam
    jobid: 3
    reason: Forced execution
    resources: tmpdir=/tmp

Terminating processes on user request, this might take some time.
[Sun Sep 25 00:40:44 2022]
Error in rule cluster:
    jobid: 3
    output: M_javanica/unpolished.bam
    shell:
        isoseq3 cluster /home/531734/mike/javanica/data/IsoSeq_2021/flnc.bam M_javanica/unpolished.bam --verbose --use-qvs
        (one of the commands exited with non-zero exit code; note that snakemake uses bash strict mode!)

Complete log: .snakemake/log/2022-09-25T000226.879194.snakemake.log
